<?xml version="1.0" encoding="UTF-8"?>
<testsuite name="snake.basic.MovementTests" tests="5" skipped="0" failures="0" errors="0" timestamp="2023-09-21T13:17:28" hostname="Jays-MacBook-Pro-2.local" time="0.039">
  <properties/>
  <testcase name="testMove" classname="snake.basic.MovementTests" time="0.004"/>
  <testcase name="testChangeDirs" classname="snake.basic.MovementTests" time="0.01"/>
  <testcase name="testIgnoreEatHead" classname="snake.basic.MovementTests" time="0.005"/>
  <testcase name="testQuickSwitch" classname="snake.basic.MovementTests" time="0.008"/>
  <testcase name="testQuickSwitch2" classname="snake.basic.MovementTests" time="0.009"/>
  <system-out><![CDATA[]]></system-out>
  <system-err><![CDATA[]]></system-err>
</testsuite>
