<?xml version="1.0" encoding="UTF-8"?>
<testsuite name="snake.basic.GrowthTests" tests="2" skipped="0" failures="0" errors="0" timestamp="2023-09-19T12:23:10" hostname="Jays-MacBook-Pro-2.local" time="0.029">
  <properties/>
  <testcase name="testGrow" classname="snake.basic.GrowthTests" time="0.013"/>
  <testcase name="testGrowTwice" classname="snake.basic.GrowthTests" time="0.015"/>
  <system-out><![CDATA[]]></system-out>
  <system-err><![CDATA[]]></system-err>
</testsuite>
