<?xml version="1.0" encoding="UTF-8"?>
<testsuite name="snake.basic.NoReverseTest" tests="1" skipped="0" failures="0" errors="0" timestamp="2023-09-13T16:13:00" hostname="dhcp-134-158.th.vu.nl" time="0.016">
  <properties/>
  <testcase name="TestNoReverseMode" classname="snake.basic.NoReverseTest" time="0.016"/>
  <system-out><![CDATA[The apple location is Point(1,1)
The apple location is Point(1,1)
The apple location is Point(1,1)
The apple location is Point(1,1)
The apple location is Point(1,1)
The apple location is Point(1,1)
The apple location is Point(1,1)
The apple location is Point(1,1)
The apple location is Point(1,1)
The apple location is Point(1,1)
The apple location is Point(1,1)
The apple location is Point(1,1)
The apple location is Point(1,1)
]]></system-out>
  <system-err><![CDATA[]]></system-err>
</testsuite>
