<?xml version="1.0" encoding="UTF-8"?>
<testsuite name="snake.basic.GrowthTests" tests="2" skipped="0" failures="0" errors="0" timestamp="2023-09-17T19:25:14" hostname="Jays-MacBook-Pro-2.local" time="0.031">
  <properties/>
  <testcase name="testGrow" classname="snake.basic.GrowthTests" time="0.019"/>
  <testcase name="testGrowTwice" classname="snake.basic.GrowthTests" time="0.011"/>
  <system-out><![CDATA[]]></system-out>
  <system-err><![CDATA[]]></system-err>
</testsuite>
