<?xml version="1.0" encoding="UTF-8"?>
<testsuite name="snake.basic.WrapAroundTests" tests="4" skipped="0" failures="0" errors="0" timestamp="2023-09-13T16:13:00" hostname="dhcp-134-158.th.vu.nl" time="0.05">
  <properties/>
  <testcase name="testWrapAroundEast" classname="snake.basic.WrapAroundTests" time="0.017"/>
  <testcase name="testWrapAroundSouth" classname="snake.basic.WrapAroundTests" time="0.01"/>
  <testcase name="testWrapAroundNorth" classname="snake.basic.WrapAroundTests" time="0.008"/>
  <testcase name="testWrapAroundWest" classname="snake.basic.WrapAroundTests" time="0.014"/>
  <system-out><![CDATA[The apple location is Point(3,1)
The apple location is Point(3,1)
The apple location is Point(3,1)
The apple location is Point(3,1)
The apple location is Point(3,1)
The apple location is Point(3,1)
The apple location is Point(3,1)
The apple location is Point(1,1)
The apple location is Point(1,1)
The apple location is Point(1,1)
The apple location is Point(1,1)
The apple location is Point(1,1)
The apple location is Point(1,1)
The apple location is Point(1,2)
The apple location is Point(1,2)
The apple location is Point(1,2)
The apple location is Point(1,2)
The apple location is Point(1,1)
The apple location is Point(1,1)
The apple location is Point(1,1)
The apple location is Point(1,1)
The apple location is Point(1,1)
The apple location is Point(1,1)
The apple location is Point(1,1)
The apple location is Point(1,1)
]]></system-out>
  <system-err><![CDATA[]]></system-err>
</testsuite>
