<?xml version="1.0" encoding="UTF-8"?>
<testsuite name="snake.basic.WrapAroundTests" tests="4" skipped="0" failures="0" errors="0" timestamp="2023-09-17T19:25:14" hostname="Jays-MacBook-Pro-2.local" time="0.041">
  <properties/>
  <testcase name="testWrapAroundEast" classname="snake.basic.WrapAroundTests" time="0.005"/>
  <testcase name="testWrapAroundSouth" classname="snake.basic.WrapAroundTests" time="0.018"/>
  <testcase name="testWrapAroundNorth" classname="snake.basic.WrapAroundTests" time="0.005"/>
  <testcase name="testWrapAroundWest" classname="snake.basic.WrapAroundTests" time="0.011"/>
  <system-out><![CDATA[]]></system-out>
  <system-err><![CDATA[]]></system-err>
</testsuite>
