<?xml version="1.0" encoding="UTF-8"?>
<testsuite name="snake.basic.GrowthTests" tests="2" skipped="0" failures="0" errors="0" timestamp="2023-09-21T16:35:14" hostname="Jays-MacBook-Pro-2.local" time="0.028">
  <properties/>
  <testcase name="testGrow" classname="snake.basic.GrowthTests" time="0.014"/>
  <testcase name="testGrowTwice" classname="snake.basic.GrowthTests" time="0.013"/>
  <system-out><![CDATA[]]></system-out>
  <system-err><![CDATA[]]></system-err>
</testsuite>
