<?xml version="1.0" encoding="UTF-8"?>
<testsuite name="snake.basic.FullGameTests" tests="7" skipped="0" failures="0" errors="0" timestamp="2023-09-21T13:17:38" hostname="Jays-MacBook-Pro-2.local" time="0.123">
  <properties/>
  <testcase name="testGame3x1" classname="snake.basic.FullGameTests" time="0.004"/>
  <testcase name="testGame6x6" classname="snake.basic.FullGameTests" time="0.025"/>
  <testcase name="testGame6x3" classname="snake.basic.FullGameTests" time="0.005"/>
  <testcase name="testGame10x7" classname="snake.basic.FullGameTests" time="0.041"/>
  <testcase name="testInterleave6x3and10x7" classname="snake.basic.FullGameTests" time="0.023"/>
  <testcase name="testInterleave6x6and10x7" classname="snake.basic.FullGameTests" time="0.011"/>
  <testcase name="testInterleave6x3and6x6" classname="snake.basic.FullGameTests" time="0.01"/>
  <system-out><![CDATA[]]></system-out>
  <system-err><![CDATA[]]></system-err>
</testsuite>
