<?xml version="1.0" encoding="UTF-8"?>
<testsuite name="snake.basic.MovementTests" tests="5" skipped="0" failures="0" errors="0" timestamp="2023-09-21T17:23:37" hostname="Jays-MacBook-Pro-2.local" time="0.049">
  <properties/>
  <testcase name="testMove" classname="snake.basic.MovementTests" time="0.004"/>
  <testcase name="testChangeDirs" classname="snake.basic.MovementTests" time="0.011"/>
  <testcase name="testIgnoreEatHead" classname="snake.basic.MovementTests" time="0.007"/>
  <testcase name="testQuickSwitch" classname="snake.basic.MovementTests" time="0.017"/>
  <testcase name="testQuickSwitch2" classname="snake.basic.MovementTests" time="0.007"/>
  <system-out><![CDATA[]]></system-out>
  <system-err><![CDATA[]]></system-err>
</testsuite>
